<?xml version="1.0" encoding="UTF-8"?>
<testsuite name="Usar un portapapeles" tests="1" skipped="0" failures="0" errors="0" timestamp="2023-04-03T21:39:23" hostname="MELISSA-PC" time="21.24">
  <properties/>
  <testcase name="usar exitosamente el portapepeles" classname="Usar un portapapeles" time="21.24"/>
  <system-out><![CDATA[]]></system-out>
  <system-err><![CDATA[]]></system-err>
</testsuite>
